<?xml version="1.0" encoding="ISO-8859-1"?>

<configuration xmlns:xsi="http://www.w3.org/2001/XMLSchema-instance"
  xsi:schemaLocation="http://www.exoplatform.org/xml/ns/kernel_1_2.xsd http://www.exoplatform.org/xml/ns/kernel_1_2.xsd"
  xmlns="http://www.exoplatform.org/xml/ns/kernel_1_2.xsd">


  <component>
    <key>org.exoplatform.services.cms.documents.DocumentService</key>
    <type>org.exoplatform.onlyoffice.mock.DocumentServiceMock</type>
  </component>

  <component>
    <key>org.mortbay.cometd.continuation.EXoContinuationBayeux</key>
    <type>org.exoplatform.onlyoffice.mock.ExoContinuationBayeuxMock</type>
  </component>
  <component>
    <key>org.exoplatform.social.core.manager.IdentityManager</key>
    <type>org.exoplatform.onlyoffice.mock.IdentityManagerMock</type>
  </component>


  <component>
    <key>org.exoplatform.social.core.space.spi.SpaceService</key>
    <type>org.exoplatform.onlyoffice.mock.SpaceServiceMock</type>
  </component>

  <component>
    <key>org.exoplatform.social.core.manager.ActivityManager</key>
    <type>org.exoplatform.onlyoffice.mock.ActivityManagerMock</type>
  </component>

  <component>
    <key>org.exoplatform.services.cms.documents.TrashService</key>
    <type>org.exoplatform.services.cms.documents.impl.TrashServiceImpl</type>
    <init-params>
      <value-param>
        <name>trashWorkspace</name>
        <value>collaboration</value>
      </value-param>
      <value-param>
        <name>trashHomeNodePath</name>
        <value>/Trash</value>
      </value-param>
    </init-params>
  </component>

  <component>
    <key>org.exoplatform.services.cms.taxonomy.TaxonomyService</key>
    <type>org.exoplatform.services.cms.taxonomy.impl.TaxonomyServiceImpl</type>
    <init-params>
      <object-param>
        <name>defaultPermission.configuration</name>
        <object type="org.exoplatform.services.cms.taxonomy.impl.TaxonomyTreeDefaultUserPermission">
          <field name="permissions">
            <collection type="java.util.ArrayList">
              <value>
                <object type="org.exoplatform.services.cms.taxonomy.impl.TaxonomyTreeDefaultUserPermission$Permission">
                  <field name="identity">
                    <string>*:/platform/administrators</string>
                  </field>
                  <field name="read">
                    <string>true</string>
                  </field>
                  <field name="addNode">
                    <string>true</string>
                  </field>
                  <field name="setProperty">
                    <string>true</string>
                  </field>
                  <field name="remove">
                    <string>true</string>
                  </field>
                </object>
              </value>
              <value>
                <object type="org.exoplatform.services.cms.taxonomy.impl.TaxonomyTreeDefaultUserPermission$Permission">
                  <field name="identity">
                    <string>*:/platform/users</string>
                  </field>
                  <field name="read">
                    <string>true</string>
                  </field>
                  <field name="addNode">
                    <string>true</string>
                  </field>
                  <field name="setProperty">
                    <string>true</string>
                  </field>
                  <field name="remove">
                    <string>false</string>
                  </field>
                </object>
              </value>
            </collection>
          </field>
        </object>
      </object-param>
    </init-params>
  </component>

  <component>
    <key>org.exoplatform.services.cms.lock.LockService</key>
    <type>org.exoplatform.onlyoffice.mock.LockServiceMock</type>
  </component>

  <component>
    <key>org.exoplatform.onlyoffice.OnlyofficeEditorService</key>
    <type>org.exoplatform.onlyoffice.OnlyofficeEditorServiceImpl</type>
    <init-params>
      <properties-param>
        <name>editor-configuration</name>
        <property name="documentserver-host" value="${onlyoffice.documentserver.host:127.0.0.1:80}" />
        <property name="documentserver-schema" value="${onlyoffice.documentserver.schema:http}" />
        <property name="documentserver-access-only" value="${onlyoffice.documentserver.accessOnly:true}" />
        <property name="documentserver-allowedhosts" value="${onlyoffice.documentserver.allowedhosts:}" />
        <property name="documentserver-secret" value="${onlyoffice.documentserver.secret:}" />
      </properties-param>
    </init-params>
  </component>

  <component>
    <key>org.exoplatform.onlyoffice.cometd.CometdOnlyofficeService</key>
    <type>org.exoplatform.onlyoffice.cometd.CometdOnlyofficeService</type>
  </component>

  <component>
    <key>org.exoplatform.onlyoffice.documents.NewDocumentService</key>
    <type>org.exoplatform.onlyoffice.documents.NewDocumentService</type>
  </component>

  <component>
    <key>org.exoplatform.onlyoffice.jcr.NodeFinder</key>
    <type>org.exoplatform.onlyoffice.jcr.CMSNodeFinder</type>
  </component>

  <component>
    <key>org.exoplatform.onlyoffice.rest.EditorService</key>
    <type>org.exoplatform.onlyoffice.rest.EditorService</type>
  </component>

  <!-- DocumentTypePlugin for OnlyOfficeEditorService -->
  <external-component-plugins>
    <target-component>org.exoplatform.onlyoffice.OnlyofficeEditorService</target-component>
    <component-plugin>
      <name>documentTypePlugin</name>
      <set-method>addTypePlugin</set-method>
      <type>org.exoplatform.onlyoffice.DocumentTypePlugin</type>
      <description>The document type plugin contains a list of mimetypes</description>
      <init-params>
        <object-param>
          <name>document-types-configuration</name>
          <object type="org.exoplatform.onlyoffice.OnlyofficeEditorServiceImpl$DocumentTypesConfig">
            <field name="mimeTypes">
              <collection type="java.util.ArrayList">
                <value>
                  <string>application/vnd.oasis.opendocument.presentation</string>
                </value>
                <value>
                  <string>application/vnd.oasis.opendocument.spreadsheet</string>
                </value>
                <value>
                  <string>application/vnd.oasis.opendocument.text</string>
                </value>
                <value>
                  <string>application/vnd.openxmlformats-officedocument.presentationml.presentation</string>
                </value>
                <value>
                  <string>application/vnd.openxmlformats-officedocument.spreadsheetml.sheet</string>
                </value>
                <value>
                  <string>application/vnd.openxmlformats-officedocument.wordprocessingml.document</string>
                </value>
              </collection>
            </field>
          </object>
        </object-param>
      </init-params>
    </component-plugin>
  </external-component-plugins>

  <!-- NewDocumentTypePlugin for NewDocumentService-->
  <external-component-plugins>
    <target-component>org.exoplatform.onlyoffice.documents.NewDocumentService</target-component>
    <component-plugin>
      <name>documentTypePlugin</name>
      <set-method>addTypePlugin</set-method>
      <type>org.exoplatform.onlyoffice.documents.NewDocumentTypePlugin</type>
      <description>The document type plugin contains a list of mimetypes</description>
      <init-params>
        <object-param>
          <name>document-types-configuration</name>
          <object type="org.exoplatform.onlyoffice.documents.NewDocumentService$NewDocumentTypesConfig">
            <field name="types">
              <collection type="java.util.ArrayList">
                <value>
                  <object type="org.exoplatform.onlyoffice.documents.NewDocumentType">
                    <field name="path">
                      <string>classpath:files/template.docx</string>
                    </field>
                    <field name="label">
                      <string>MicrosoftOfficeDocument</string>
                    </field>
                    <field name="mimeType">
                      <string>application/vnd.openxmlformats-officedocument.wordprocessingml.document</string>
                    </field>
                  </object>
                </value>
                <value>
                  <object type="org.exoplatform.onlyoffice.documents.NewDocumentType">
                    <field name="path">
                      <string>classpath:files/template.xlsx</string>
                    </field>
                    <field name="label">
                      <string>MicrosoftOfficeSpreadsheet</string>
                    </field>
                    <field name="mimeType">
                      <string>application/vnd.openxmlformats-officedocument.spreadsheetml.sheet</string>
                    </field>
                  </object>
                </value>
                <value>
                  <object type="org.exoplatform.onlyoffice.documents.NewDocumentType">
                    <field name="path">
                      <string>classpath:files/template.pptx</string>
                    </field>
                    <field name="label">
                      <string>MicrosoftOfficePresentation</string>
                    </field>
                    <field name="mimeType">
                      <string>application/vnd.openxmlformats-officedocument.presentationml.presentation</string>
                    </field>
                  </object>
                </value>
              </collection>
            </field>
          </object>
        </object-param>
      </init-params>
    </component-plugin>
  </external-component-plugins>

</configuration>
