<?xml version="1.0" encoding="UTF-8"?>
<!--

  Copyright (C) 2003-2018 eXo Platform SAS.

  This program is free software: you can redistribute it and/or modify
  it under the terms of the GNU Affero General Public License as published by
  the Free Software Foundation, either version 3 of the License, or
  (at your option) any later version.

  This program is distributed in the hope that it will be useful,
  but WITHOUT ANY WARRANTY; without even the implied warranty of
  MERCHANTABILITY or FITNESS FOR A PARTICULAR PURPOSE. See the
  GNU Affero General Public License for more details.

  You should have received a copy of the GNU Affero General Public License
  along with this program. If not, see <http://www.gnu.org/licenses/>.

-->
<configuration xmlns:xsi="http://www.w3.org/2001/XMLSchema-instance"
  xsi:schemaLocation="http://www.exoplatform.org/xml/ns/kernel_1_2.xsd http://www.exoplatform.org/xml/ns/kernel_1_2.xsd"
  xmlns="http://www.exoplatform.org/xml/ns/kernel_1_2.xsd">

  <component>
    <key>org.exoplatform.services.idgenerator.IDGeneratorService</key>
    <type>org.exoplatform.services.idgenerator.impl.IDGeneratorServiceImpl</type>
  </component>

  <component>
    <type>org.exoplatform.services.security.IdentityRegistry</type>
  </component>

  <component>
    <key>org.exoplatform.services.document.DocumentReaderService</key>
    <type>org.exoplatform.services.document.impl.DocumentReaderServiceImpl</type>
  </component>

  <component>
    <key>org.exoplatform.services.jdbc.DataSourceProvider</key>
    <type>org.exoplatform.services.jdbc.impl.DataSourceProviderImpl</type>
  </component>

  <component>
    <type>org.exoplatform.services.scheduler.impl.QuartzSheduler</type>
  </component>

  <component>
    <key>org.exoplatform.services.scheduler.JobSchedulerService</key>
    <type>org.exoplatform.commons.testing.mock.MockJobSchedulerService</type>
  </component>
  
  <component>
    <type>org.exoplatform.commons.persistence.impl.EntityManagerService</type>
  </component>

  <component>
    <key>org.exoplatform.services.cache.CacheService</key>
    <jmx-name>cache:type=CacheService</jmx-name>
    <type>org.exoplatform.services.cache.impl.CacheServiceImpl</type>
    <init-params>
      <object-param>
        <name>cache.config.default</name>
        <object type="org.exoplatform.services.cache.ExoCacheConfig">
          <field name="name">
            <string>default</string>
          </field>
          <field name="maxSize">
            <int>30000</int>
          </field>
          <field name="liveTime">
            <long>60000</long>
          </field>
          <field name="distributed">
            <boolean>false</boolean>
          </field>
          <field name="implementation">
            <string>org.exoplatform.services.cache.concurrent.ConcurrentFIFOExoCache</string>
          </field>
        </object>
      </object-param>
    </init-params>
  </component>

  <component>
    <key>org.exoplatform.commons.chromattic.ChromatticManager</key>
    <type>org.exoplatform.commons.chromattic.ChromatticManager</type>
  </component>

  <component><!-- Overrides 'commons-component-common-x.x.x.jar!/conf/portal/configuration.xml' -->
    <key>org.exoplatform.commons.api.persistence.DataInitializer</key>
    <type>org.exoplatform.onlyoffice.test.StandaloneLiquibaseDataInitializer</type>
    <init-params>
      <value-param>
        <name>liquibase.datasource</name>
        <value>java:/comp/env/exo-jpa_portal</value>
      </value-param>
      <value-param>
        <name>liquibase.contexts</name>
        <value>production</value>
      </value-param>
    </init-params>
  </component>

  <component>
    <type>org.exoplatform.commons.persistence.impl.EntityManagerService</type>
  </component>

  <!-- component>
    <key>org.exoplatform.commons.file.services.FileService</key>
    <type>org.exoplatform.ecms.mock.MockFileService</type>
    </component -->

  <component>
    <key>org.exoplatform.commons.api.notification.channel.ChannelManager</key>
    <type>org.exoplatform.commons.notification.channel.ChannelManagerImpl</type>
  </component>

  <component>
    <key>org.exoplatform.commons.api.event.EventManager</key>
    <type>org.exoplatform.commons.event.impl.EventManagerImpl</type>
  </component>

  <component>
    <type>org.exoplatform.settings.jpa.dao.SettingContextDAO</type>
  </component>
  <component>
    <type>org.exoplatform.settings.jpa.dao.SettingScopeDAO</type>
  </component>
  <component>
    <type>org.exoplatform.settings.jpa.dao.SettingsDAO</type>
  </component>

  <component>
    <key>org.exoplatform.commons.api.settings.SettingService</key>
    <type>org.exoplatform.settings.jpa.JPASettingServiceImpl</type>
  </component>

  <component>
    <key>org.exoplatform.commons.api.notification.service.setting.UserSettingService</key>
    <type>org.exoplatform.settings.jpa.JPAUserSettingServiceImpl</type>
  </component>

  <component>
    <type>org.exoplatform.commons.notification.impl.jpa.web.dao.WebNotifDAO</type>
  </component>
  <component>
    <type>org.exoplatform.commons.notification.impl.jpa.web.dao.WebParamsDAO</type>
  </component>
  <component>
    <type>org.exoplatform.commons.notification.impl.jpa.web.dao.WebUsersDAO</type>
  </component>

  <component>
    <key>org.exoplatform.commons.api.notification.service.storage.WebNotificationStorage</key>
    <type>org.exoplatform.commons.notification.impl.jpa.web.JPAWebNotificationStorage</type>
  </component>

  <component>
    <key>org.exoplatform.commons.api.notification.service.WebNotificationService</key>
    <type>org.exoplatform.commons.notification.impl.service.WebNotificationServiceImpl</type>
  </component>

  <component>
    <key>org.exoplatform.services.jcr.ext.hierarchy.NodeHierarchyCreator</key>
    <type>org.exoplatform.services.jcr.ext.hierarchy.impl.NodeHierarchyCreatorImpl</type>
  </component>

  <component>
    <key>org.exoplatform.services.jcr.ext.distribution.DataDistributionManager</key>
    <type>org.exoplatform.services.jcr.ext.distribution.impl.DataDistributionManagerImpl</type>
  </component>

  <component>
    <type>org.exoplatform.groovyscript.text.TemplateService</type>
  </component>

  <component>
    <type>org.exoplatform.groovyscript.text.TemplateStatisticService</type>
    <init-params>
      <value-param>
        <name>name</name>
        <value>false</value>
      </value-param>
    </init-params>
  </component>

  <component>
    <key>org.exoplatform.services.resources.LocaleConfigService</key>
    <type>org.exoplatform.services.resources.impl.LocaleConfigServiceImpl</type>
    <init-params>
      <value-param>
        <name>locale.config.file</name>
        <value>classpath:/conf/common/locales-config.xml</value>
      </value-param>
    </init-params>
  </component>

  <!-- Bind datasource for Portal container -->
  <external-component-plugins>
    <target-component>org.exoplatform.services.naming.InitialContextInitializer</target-component>
    <component-plugin>
      <name>bind.datasource</name>
      <set-method>addPlugin</set-method>
      <type>org.exoplatform.services.naming.BindReferencePlugin</type>
      <init-params>
        <value-param>
          <name>bind-name</name>
          <value>java:/comp/env/exo-jpa_portal</value>
        </value-param>
        <value-param>
          <name>class-name</name>
          <value>javax.sql.DataSource</value>
        </value-param>
        <value-param>
          <name>factory</name>
          <value>org.apache.commons.dbcp.BasicDataSourceFactory</value>
        </value-param>
        <properties-param profiles="hsqldb">
          <name>ref-addresses</name>
          <description>ref-addresses</description>
          <!-- HSQL in memory -->
          <property name="driverClassName" value="org.hsqldb.jdbcDriver" />
          <property name="url" value="jdbc:hsqldb:mem:db1" />
          <property name="username" value="sa" />
          <property name="password" value="" />
        </properties-param>
        <properties-param profiles="mysql">
          <!-- MySQL local -->
          <name>ref-addresses</name>
          <description>ref-addresses</description>
          <property name="driverClassName" value="com.mysql.jdbc.Driver" />
          <property name="url"
            value="jdbc:mysql://localhost:3306/test52?createDatabaseIfNotExist=true&amp;autoReconnect=true&amp;useSSL=false&amp;characterEncoding=utf8" />
          <property name="username" value="exo" />
          <property name="password" value="exo" />
        </properties-param>
      </init-params>
    </component-plugin>
    <component-plugin>
      <name>bind.datasource</name>
      <set-method>addPlugin</set-method>
      <type>org.exoplatform.services.naming.BindReferencePlugin</type>
      <init-params>
        <value-param>
          <name>bind-name</name>
          <value>jdbcexo</value>
        </value-param>
        <value-param>
          <name>class-name</name>
          <value>javax.sql.DataSource</value>
        </value-param>
        <value-param>
          <name>factory</name>
          <value>org.apache.commons.dbcp.BasicDataSourceFactory</value>
        </value-param>
        <properties-param>
          <name>ref-addresses</name>
          <description>ref-addresses</description>
          <!-- HSQL in memory -->
          <property name="driverClassName" value="org.hsqldb.jdbcDriver" />
          <property name="url" value="jdbc:hsqldb:mem:jdbcexo" />
          <property name="username" value="sa" />
          <property name="password" value="" />
        </properties-param>
      </init-params>
    </component-plugin>
    <component-plugin>
      <name>bind.datasource</name>
      <set-method>addPlugin</set-method>
      <type>org.exoplatform.services.naming.BindReferencePlugin</type>
      <init-params>
        <value-param>
          <name>bind-name</name>
          <value>jdbcidm</value>
        </value-param>
        <value-param>
          <name>class-name</name>
          <value>javax.sql.DataSource</value>
        </value-param>
        <value-param>
          <name>factory</name>
          <value>org.apache.commons.dbcp.BasicDataSourceFactory</value>
        </value-param>
        <properties-param>
          <name>ref-addresses</name>
          <description>ref-addresses</description>
          <!-- HSQL in memory -->
          <property name="driverClassName" value="org.hsqldb.jdbcDriver" />
          <property name="url" value="jdbc:hsqldb:mem:jdbcidm" />
          <property name="username" value="sa" />
          <property name="password" value="" />
        </properties-param>
      </init-params>
    </component-plugin>
    <component-plugin>
      <name>bind.datasource</name>
      <set-method>addPlugin</set-method>
      <type>org.exoplatform.services.naming.BindReferencePlugin</type>
      <init-params>
        <value-param>
          <name>bind-name</name>
          <value>jdbcjcr</value>
        </value-param>
        <value-param>
          <name>class-name</name>
          <value>javax.sql.DataSource</value>
        </value-param>
        <value-param>
          <name>factory</name>
          <value>org.apache.commons.dbcp.BasicDataSourceFactory</value>
        </value-param>
        <properties-param>
          <name>ref-addresses</name>
          <description>ref-addresses</description>
          <!-- HSQL in memory -->
          <property name="driverClassName" value="org.hsqldb.jdbcDriver" />
          <property name="url" value="jdbc:hsqldb:mem:jdbcjcr" />
          <property name="username" value="sa" />
          <property name="password" value="" />
        </properties-param>
      </init-params>
    </component-plugin>
  </external-component-plugins>

  <external-component-plugins>
    <target-component>org.exoplatform.services.jcr.RepositoryService</target-component>
    <component-plugin>
      <name>add.namespaces</name>
      <set-method>addPlugin</set-method>
      <type>org.exoplatform.services.jcr.impl.AddNamespacesPlugin</type>
      <init-params>
        <properties-param>
          <name>namespaces</name>
          <property name="soc" value="http://www.social.org/jcr/soc/1.0/" />
          <property name="dc" value="http://purl.org/dc/elements/1.1/" />
          <property name="metadata" value="http://www.exoplatform.com/jcr/metadata/1.1/" />
          <property name="jos" value="http://www.exoplatform.com/jcr-services/organization-service/1.0/" />
        </properties-param>
      </init-params>
    </component-plugin>
  </external-component-plugins>

  <import>jar:/conf/test/test-organization-configuration.xml</import>
  <import>jar:/conf/test/test-jcr-configuration.xml</import>
  <import>jar:/conf/test/test-portal-configuration.xml</import>
  <import>jar:/conf/test/test-ecms-configuration.xml</import>
  <import>jar:/conf/test/exo.social.component.search.test.configuration.xml</import>
  <import>jar:/conf/test/test-onlyoffice-configuration.xml</import>
  

<remove-configuration>org.exoplatform.wcm.ext.component.document.service.ContentViewerRESTService</remove-configuration>
<remove-configuration>org.exoplatform.commons.search.service.UnifiedSearchService</remove-configuration>
</configuration>
